2025-06-23 19:44:15.978 [main] [ConfigUtil.kt:28] INFO  已创建配置文件【S:\IdeaProjects\Hearthstone-Script\Hearthstone-Script\config\script.ini】
2025-06-23 19:44:16.522 [main] [AbstractStarter.kt:27] INFO  执行【PlatformStarter】
2025-06-23 19:44:16.564 [ExtraPool Thread-0] [AbstractStarter.kt:27] INFO  执行【GameStarter】
2025-06-23 19:44:16.565 [ExtraPool Thread-0] [GameStarter.kt:31] INFO  开始检查炉石传说
2025-06-23 19:44:16.737 [ExtraPool Thread-0] [GameStarter.kt:110] INFO  炉石传说正在运行
2025-06-23 19:45:50.513 [main] [AbstractStarter.kt:27] INFO  执行【PlatformStarter】
2025-06-23 19:45:50.563 [ExtraPool Thread-0] [AbstractStarter.kt:27] INFO  执行【GameStarter】
2025-06-23 19:45:50.563 [ExtraPool Thread-0] [GameStarter.kt:31] INFO  开始检查炉石传说
2025-06-23 19:45:50.761 [ExtraPool Thread-0] [GameStarter.kt:110] INFO  炉石传说正在运行
2025-06-23 19:46:12.031 [main] [AbstractStarter.kt:27] INFO  执行【PlatformStarter】
2025-06-23 19:46:12.076 [ExtraPool Thread-0] [AbstractStarter.kt:27] INFO  执行【GameStarter】
2025-06-23 19:46:12.077 [ExtraPool Thread-0] [GameStarter.kt:31] INFO  开始检查炉石传说
2025-06-23 19:46:12.280 [ExtraPool Thread-0] [GameStarter.kt:110] INFO  炉石传说正在运行
2025-06-23 19:46:32.372 [main] [AbstractStarter.kt:27] INFO  执行【PlatformStarter】
2025-06-23 19:46:32.425 [ExtraPool Thread-0] [AbstractStarter.kt:27] INFO  执行【GameStarter】
2025-06-23 19:46:32.426 [ExtraPool Thread-0] [GameStarter.kt:31] INFO  开始检查炉石传说
2025-06-23 19:46:32.630 [ExtraPool Thread-0] [GameStarter.kt:110] INFO  炉石传说正在运行
2025-06-23 19:48:54.282 [main] [AbstractStarter.kt:27] INFO  执行【PlatformStarter】
2025-06-23 19:48:54.333 [main] [PlatformStarter.kt:23] INFO  战网正在运行
2025-06-23 19:48:54.348 [ExtraPool Thread-0] [AbstractStarter.kt:27] INFO  执行【GameStarter】
2025-06-23 19:48:54.349 [ExtraPool Thread-0] [GameStarter.kt:31] INFO  开始检查炉石传说
2025-06-23 19:48:54.685 [LaunchProgramPool Thread-0] [GameStarter.kt:77] INFO  正在启动炉石传说
2025-06-23 19:50:13.793 [main] [AbstractStarter.kt:27] INFO  执行【PlatformStarter】
2025-06-23 19:50:13.836 [ExtraPool Thread-0] [AbstractStarter.kt:27] INFO  执行【GameStarter】
2025-06-23 19:50:13.837 [ExtraPool Thread-0] [GameStarter.kt:31] INFO  开始检查炉石传说
2025-06-23 19:50:14.021 [ExtraPool Thread-0] [GameStarter.kt:110] INFO  炉石传说正在运行
2025-06-23 19:50:41.523 [main] [AbstractStarter.kt:27] INFO  执行【PlatformStarter】
2025-06-23 19:50:41.586 [ExtraPool Thread-0] [AbstractStarter.kt:27] INFO  执行【GameStarter】
2025-06-23 19:50:41.586 [ExtraPool Thread-0] [GameStarter.kt:31] INFO  开始检查炉石传说
2025-06-23 19:50:41.770 [ExtraPool Thread-0] [GameStarter.kt:110] INFO  炉石传说正在运行
2025-06-23 19:54:10.934 [main] [ConfigUtil.kt:28] INFO  已创建配置文件【S:\IdeaProjects\Hearthstone-Script\Hearthstone-Script\config\script.ini】
2025-06-23 19:54:11.462 [main] [AbstractStarter.kt:27] INFO  执行【PlatformStarter】
2025-06-23 19:54:11.507 [ExtraPool Thread-0] [AbstractStarter.kt:27] INFO  执行【GameStarter】
2025-06-23 19:54:11.508 [ExtraPool Thread-0] [GameStarter.kt:31] INFO  开始检查炉石传说
2025-06-23 19:54:11.672 [ExtraPool Thread-0] [GameStarter.kt:110] INFO  炉石传说正在运行
2025-06-23 19:56:17.558 [main] [AbstractStarter.kt:27] INFO  执行【PlatformStarter】
2025-06-23 19:56:17.601 [ExtraPool Thread-0] [AbstractStarter.kt:27] INFO  执行【GameStarter】
2025-06-23 19:56:17.602 [ExtraPool Thread-0] [GameStarter.kt:31] INFO  开始检查炉石传说
2025-06-23 19:56:17.792 [ExtraPool Thread-0] [GameStarter.kt:110] INFO  炉石传说正在运行
2025-06-23 20:00:35.741 [main] [AbstractStarter.kt:27] INFO  执行【PlatformStarter】
2025-06-23 20:00:35.764 [main] [PlatformStarter.kt:26] INFO  启动战网
